[0.111s] DEBUG:colcon:Command line arguments: ['/usr/bin/colcon', 'build']
[0.111s] DEBUG:colcon:Parsed command line arguments: Namespace(log_base=None, log_level=None, verb_name='build', build_base='build', install_base='install', merge_install=False, symlink_install=False, test_result_base=None, continue_on_error=False, executor='parallel', parallel_workers=12, event_handlers=None, ignore_user_meta=False, metas=['./colcon.meta'], base_paths=['.'], packages_ignore=None, packages_ignore_regex=None, paths=None, packages_up_to=None, packages_up_to_regex=None, packages_above=None, packages_above_and_dependencies=None, packages_above_depth=None, packages_select_by_dep=None, packages_skip_by_dep=None, packages_skip_up_to=None, packages_select_build_failed=False, packages_skip_build_finished=False, packages_select_test_failures=False, packages_skip_test_passed=False, packages_select=None, packages_skip=None, packages_select_regex=None, packages_skip_regex=None, packages_start=None, packages_end=None, allow_overriding=[], cmake_args=None, cmake_target=None, cmake_target_skip_unavailable=False, cmake_clean_cache=False, cmake_clean_first=False, cmake_force_configure=False, ament_cmake_args=None, catkin_cmake_args=None, catkin_skip_building_tests=False, mixin_files=None, mixin=None, verb_parser=<colcon_mixin.mixin.mixin_argument.MixinArgumentDecorator object at 0x7ea9c2ae8fd0>, verb_extension=<colcon_core.verb.build.BuildVerb object at 0x7ea9c2ae8370>, main=<bound method BuildVerb.main of <colcon_core.verb.build.BuildVerb object at 0x7ea9c2ae8370>>, mixin_verb=('build',))
[0.217s] Level 1:colcon.colcon_core.package_discovery:discover_packages(colcon_meta) check parameters
[0.218s] Level 1:colcon.colcon_core.package_discovery:discover_packages(recursive) check parameters
[0.218s] Level 1:colcon.colcon_core.package_discovery:discover_packages(ignore) check parameters
[0.218s] Level 1:colcon.colcon_core.package_discovery:discover_packages(path) check parameters
[0.218s] Level 1:colcon.colcon_core.package_discovery:discover_packages(colcon_meta) discover
[0.218s] Level 1:colcon.colcon_core.package_discovery:discover_packages(recursive) discover
[0.218s] INFO:colcon.colcon_core.package_discovery:Crawling recursively for packages in '/home/martin/SCARA-RI20252'
[0.218s] Level 1:colcon.colcon_core.package_identification:_identify(.) by extensions ['ignore', 'ignore_ament_install']
[0.218s] Level 1:colcon.colcon_core.package_identification:_identify(.) by extension 'ignore'
[0.218s] Level 1:colcon.colcon_core.package_identification:_identify(.) by extension 'ignore_ament_install'
[0.218s] Level 1:colcon.colcon_core.package_identification:_identify(.) by extensions ['colcon_pkg']
[0.218s] Level 1:colcon.colcon_core.package_identification:_identify(.) by extension 'colcon_pkg'
[0.218s] Level 1:colcon.colcon_core.package_identification:_identify(.) by extensions ['colcon_meta']
[0.218s] Level 1:colcon.colcon_core.package_identification:_identify(.) by extension 'colcon_meta'
[0.218s] Level 1:colcon.colcon_core.package_identification:_identify(.) by extensions ['ros']
[0.218s] Level 1:colcon.colcon_core.package_identification:_identify(.) by extension 'ros'
[0.225s] Level 1:colcon.colcon_core.package_identification:_identify(.) by extensions ['cmake', 'python']
[0.225s] Level 1:colcon.colcon_core.package_identification:_identify(.) by extension 'cmake'
[0.225s] Level 1:colcon.colcon_core.package_identification:_identify(.) by extension 'python'
[0.225s] Level 1:colcon.colcon_core.package_identification:_identify(.) by extensions ['python_setup_py']
[0.225s] Level 1:colcon.colcon_core.package_identification:_identify(.) by extension 'python_setup_py'
[0.225s] Level 1:colcon.colcon_core.package_identification:_identify(build) by extensions ['ignore', 'ignore_ament_install']
[0.225s] Level 1:colcon.colcon_core.package_identification:_identify(build) by extension 'ignore'
[0.225s] Level 1:colcon.colcon_core.package_identification:_identify(build) ignored
[0.225s] Level 1:colcon.colcon_core.package_identification:_identify(install) by extensions ['ignore', 'ignore_ament_install']
[0.225s] Level 1:colcon.colcon_core.package_identification:_identify(install) by extension 'ignore'
[0.225s] Level 1:colcon.colcon_core.package_identification:_identify(install) ignored
[0.225s] Level 1:colcon.colcon_core.package_identification:_identify(log) by extensions ['ignore', 'ignore_ament_install']
[0.225s] Level 1:colcon.colcon_core.package_identification:_identify(log) by extension 'ignore'
[0.225s] Level 1:colcon.colcon_core.package_identification:_identify(log) ignored
[0.225s] Level 1:colcon.colcon_core.package_identification:_identify(src) by extensions ['ignore', 'ignore_ament_install']
[0.225s] Level 1:colcon.colcon_core.package_identification:_identify(src) by extension 'ignore'
[0.225s] Level 1:colcon.colcon_core.package_identification:_identify(src) by extension 'ignore_ament_install'
[0.225s] Level 1:colcon.colcon_core.package_identification:_identify(src) by extensions ['colcon_pkg']
[0.225s] Level 1:colcon.colcon_core.package_identification:_identify(src) by extension 'colcon_pkg'
[0.225s] Level 1:colcon.colcon_core.package_identification:_identify(src) by extensions ['colcon_meta']
[0.225s] Level 1:colcon.colcon_core.package_identification:_identify(src) by extension 'colcon_meta'
[0.225s] Level 1:colcon.colcon_core.package_identification:_identify(src) by extensions ['ros']
[0.225s] Level 1:colcon.colcon_core.package_identification:_identify(src) by extension 'ros'
[0.227s] DEBUG:colcon.colcon_core.package_identification:Package 'src' with type 'ros.ament_python' and name 'trayectory_planer_scara'
[0.227s] Level 1:colcon.colcon_core.package_discovery:discover_packages(recursive) using defaults
[0.227s] Level 1:colcon.colcon_core.package_discovery:discover_packages(ignore) discover
[0.227s] Level 1:colcon.colcon_core.package_discovery:discover_packages(ignore) using defaults
[0.227s] Level 1:colcon.colcon_core.package_discovery:discover_packages(path) discover
[0.227s] Level 1:colcon.colcon_core.package_discovery:discover_packages(path) using defaults
[0.248s] Level 1:colcon.colcon_core.package_discovery:discover_packages(prefix_path) check parameters
[0.248s] Level 1:colcon.colcon_core.package_discovery:discover_packages(prefix_path) discover
[0.249s] DEBUG:colcon.colcon_installed_package_information.package_discovery:Found 14 installed packages in /home/martin/ros2_ws_2502/install
[0.250s] DEBUG:colcon.colcon_installed_package_information.package_discovery:Found 390 installed packages in /opt/ros/humble
[0.251s] Level 1:colcon.colcon_core.package_discovery:discover_packages(prefix_path) using defaults
[0.277s] Level 5:colcon.colcon_core.verb:set package 'trayectory_planer_scara' build argument 'cmake_args' from command line to 'None'
[0.278s] Level 5:colcon.colcon_core.verb:set package 'trayectory_planer_scara' build argument 'cmake_target' from command line to 'None'
[0.278s] Level 5:colcon.colcon_core.verb:set package 'trayectory_planer_scara' build argument 'cmake_target_skip_unavailable' from command line to 'False'
[0.278s] Level 5:colcon.colcon_core.verb:set package 'trayectory_planer_scara' build argument 'cmake_clean_cache' from command line to 'False'
[0.278s] Level 5:colcon.colcon_core.verb:set package 'trayectory_planer_scara' build argument 'cmake_clean_first' from command line to 'False'
[0.278s] Level 5:colcon.colcon_core.verb:set package 'trayectory_planer_scara' build argument 'cmake_force_configure' from command line to 'False'
[0.278s] Level 5:colcon.colcon_core.verb:set package 'trayectory_planer_scara' build argument 'ament_cmake_args' from command line to 'None'
[0.278s] Level 5:colcon.colcon_core.verb:set package 'trayectory_planer_scara' build argument 'catkin_cmake_args' from command line to 'None'
[0.278s] Level 5:colcon.colcon_core.verb:set package 'trayectory_planer_scara' build argument 'catkin_skip_building_tests' from command line to 'False'
[0.278s] DEBUG:colcon.colcon_core.verb:Building package 'trayectory_planer_scara' with the following arguments: {'ament_cmake_args': None, 'build_base': '/home/martin/SCARA-RI20252/build/trayectory_planer_scara', 'catkin_cmake_args': None, 'catkin_skip_building_tests': False, 'cmake_args': None, 'cmake_clean_cache': False, 'cmake_clean_first': False, 'cmake_force_configure': False, 'cmake_target': None, 'cmake_target_skip_unavailable': False, 'install_base': '/home/martin/SCARA-RI20252/install/trayectory_planer_scara', 'merge_install': False, 'path': '/home/martin/SCARA-RI20252/src', 'symlink_install': False, 'test_result_base': None}
[0.278s] INFO:colcon.colcon_core.executor:Executing jobs using 'parallel' executor
[0.279s] DEBUG:colcon.colcon_parallel_executor.executor.parallel:run_until_complete
[0.279s] INFO:colcon.colcon_ros.task.ament_python.build:Building ROS package in '/home/martin/SCARA-RI20252/src' with build type 'ament_python'
[0.280s] Level 1:colcon.colcon_core.shell:create_environment_hook('trayectory_planer_scara', 'ament_prefix_path')
[0.281s] INFO:colcon.colcon_core.plugin_system:Skipping extension 'colcon_core.shell.bat': Not used on non-Windows systems
[0.281s] INFO:colcon.colcon_core.shell:Creating environment hook '/home/martin/SCARA-RI20252/install/trayectory_planer_scara/share/trayectory_planer_scara/hook/ament_prefix_path.ps1'
[0.282s] INFO:colcon.colcon_core.shell:Creating environment descriptor '/home/martin/SCARA-RI20252/install/trayectory_planer_scara/share/trayectory_planer_scara/hook/ament_prefix_path.dsv'
[0.283s] INFO:colcon.colcon_core.shell:Creating environment hook '/home/martin/SCARA-RI20252/install/trayectory_planer_scara/share/trayectory_planer_scara/hook/ament_prefix_path.sh'
[0.283s] INFO:colcon.colcon_core.shell:Skip shell extension 'powershell' for command environment: Not usable outside of PowerShell
[0.283s] DEBUG:colcon.colcon_core.shell:Skip shell extension 'dsv' for command environment
[0.463s] INFO:colcon.colcon_core.task.python.build:Building Python package in '/home/martin/SCARA-RI20252/src'
[0.463s] INFO:colcon.colcon_core.shell:Skip shell extension 'powershell' for command environment: Not usable outside of PowerShell
[0.463s] DEBUG:colcon.colcon_core.shell:Skip shell extension 'dsv' for command environment
[0.712s] DEBUG:colcon.colcon_core.event_handler.log_command:Invoking command in '/home/martin/SCARA-RI20252/src': PYTHONPATH=/home/martin/SCARA-RI20252/build/trayectory_planer_scara/prefix_override:/usr/lib/python3/dist-packages/colcon_core/task/python/colcon_distutils_commands:/home/martin/SCARA-RI20252/install/trayectory_planer_scara/lib/python3.10/site-packages:${PYTHONPATH} /usr/bin/python3 -W ignore:setup.py install is deprecated -W ignore:easy_install command is deprecated setup.py egg_info --egg-base ../build/trayectory_planer_scara build --build-base /home/martin/SCARA-RI20252/build/trayectory_planer_scara/build install --record /home/martin/SCARA-RI20252/build/trayectory_planer_scara/install.log --single-version-externally-managed install_data
[0.909s] DEBUG:colcon.colcon_core.event_handler.log_command:Invoked command in '/home/martin/SCARA-RI20252/src' returned '0': PYTHONPATH=/home/martin/SCARA-RI20252/build/trayectory_planer_scara/prefix_override:/usr/lib/python3/dist-packages/colcon_core/task/python/colcon_distutils_commands:/home/martin/SCARA-RI20252/install/trayectory_planer_scara/lib/python3.10/site-packages:${PYTHONPATH} /usr/bin/python3 -W ignore:setup.py install is deprecated -W ignore:easy_install command is deprecated setup.py egg_info --egg-base ../build/trayectory_planer_scara build --build-base /home/martin/SCARA-RI20252/build/trayectory_planer_scara/build install --record /home/martin/SCARA-RI20252/build/trayectory_planer_scara/install.log --single-version-externally-managed install_data
[0.911s] Level 1:colcon.colcon_core.environment:checking '/home/martin/SCARA-RI20252/install/trayectory_planer_scara' for CMake module files
[0.911s] Level 1:colcon.colcon_core.environment:checking '/home/martin/SCARA-RI20252/install/trayectory_planer_scara' for CMake config files
[0.912s] Level 1:colcon.colcon_core.environment:checking '/home/martin/SCARA-RI20252/install/trayectory_planer_scara/lib'
[0.912s] Level 1:colcon.colcon_core.environment:checking '/home/martin/SCARA-RI20252/install/trayectory_planer_scara/bin'
[0.912s] Level 1:colcon.colcon_core.environment:checking '/home/martin/SCARA-RI20252/install/trayectory_planer_scara/lib/pkgconfig/trayectory_planer_scara.pc'
[0.912s] Level 1:colcon.colcon_core.environment:checking '/home/martin/SCARA-RI20252/install/trayectory_planer_scara/lib/python3.10/site-packages'
[0.912s] Level 1:colcon.colcon_core.shell:create_environment_hook('trayectory_planer_scara', 'pythonpath')
[0.912s] INFO:colcon.colcon_core.shell:Creating environment hook '/home/martin/SCARA-RI20252/install/trayectory_planer_scara/share/trayectory_planer_scara/hook/pythonpath.ps1'
[0.912s] INFO:colcon.colcon_core.shell:Creating environment descriptor '/home/martin/SCARA-RI20252/install/trayectory_planer_scara/share/trayectory_planer_scara/hook/pythonpath.dsv'
[0.913s] INFO:colcon.colcon_core.shell:Creating environment hook '/home/martin/SCARA-RI20252/install/trayectory_planer_scara/share/trayectory_planer_scara/hook/pythonpath.sh'
[0.913s] Level 1:colcon.colcon_core.environment:checking '/home/martin/SCARA-RI20252/install/trayectory_planer_scara/bin'
[0.913s] Level 1:colcon.colcon_core.environment:create_environment_scripts_only(trayectory_planer_scara)
[0.914s] INFO:colcon.colcon_core.shell:Creating package script '/home/martin/SCARA-RI20252/install/trayectory_planer_scara/share/trayectory_planer_scara/package.ps1'
[0.914s] INFO:colcon.colcon_core.shell:Creating package descriptor '/home/martin/SCARA-RI20252/install/trayectory_planer_scara/share/trayectory_planer_scara/package.dsv'
[0.915s] INFO:colcon.colcon_core.shell:Creating package script '/home/martin/SCARA-RI20252/install/trayectory_planer_scara/share/trayectory_planer_scara/package.sh'
[0.915s] INFO:colcon.colcon_core.shell:Creating package script '/home/martin/SCARA-RI20252/install/trayectory_planer_scara/share/trayectory_planer_scara/package.bash'
[0.915s] INFO:colcon.colcon_core.shell:Creating package script '/home/martin/SCARA-RI20252/install/trayectory_planer_scara/share/trayectory_planer_scara/package.zsh'
[0.916s] Level 1:colcon.colcon_core.environment:create_file_with_runtime_dependencies(/home/martin/SCARA-RI20252/install/trayectory_planer_scara/share/colcon-core/packages/trayectory_planer_scara)
[0.916s] DEBUG:colcon.colcon_parallel_executor.executor.parallel:closing loop
[0.917s] DEBUG:colcon.colcon_parallel_executor.executor.parallel:loop closed
[0.917s] DEBUG:colcon.colcon_parallel_executor.executor.parallel:run_until_complete finished with '0'
[0.917s] DEBUG:colcon.colcon_core.event_reactor:joining thread
[0.940s] INFO:colcon.colcon_core.plugin_system:Skipping extension 'colcon_notification.desktop_notification.notify_send': Could not find 'notify-send'
[0.940s] INFO:colcon.colcon_core.plugin_system:Skipping extension 'colcon_notification.desktop_notification.terminal_notifier': Not used on non-Darwin systems
[0.940s] INFO:colcon.colcon_core.plugin_system:Skipping extension 'colcon_notification.desktop_notification.win32': Not used on non-Windows systems
[0.940s] INFO:colcon.colcon_notification.desktop_notification:Sending desktop notification using 'notify2'
[0.941s] DEBUG:colcon.colcon_notification.desktop_notification.notify2:Failed to initialize notify2: org.freedesktop.DBus.Error.ServiceUnknown: The name org.freedesktop.Notifications was not provided by any .service files
[0.941s] DEBUG:colcon.colcon_core.event_reactor:joined thread
[0.942s] INFO:colcon.colcon_core.shell:Creating prefix script '/home/martin/SCARA-RI20252/install/local_setup.ps1'
[0.942s] INFO:colcon.colcon_core.shell:Creating prefix util module '/home/martin/SCARA-RI20252/install/_local_setup_util_ps1.py'
[0.943s] INFO:colcon.colcon_core.shell:Creating prefix chain script '/home/martin/SCARA-RI20252/install/setup.ps1'
[0.944s] INFO:colcon.colcon_core.shell:Creating prefix script '/home/martin/SCARA-RI20252/install/local_setup.sh'
[0.944s] INFO:colcon.colcon_core.shell:Creating prefix util module '/home/martin/SCARA-RI20252/install/_local_setup_util_sh.py'
[0.944s] INFO:colcon.colcon_core.shell:Creating prefix chain script '/home/martin/SCARA-RI20252/install/setup.sh'
[0.945s] INFO:colcon.colcon_core.shell:Creating prefix script '/home/martin/SCARA-RI20252/install/local_setup.bash'
[0.945s] INFO:colcon.colcon_core.shell:Creating prefix chain script '/home/martin/SCARA-RI20252/install/setup.bash'
[0.946s] INFO:colcon.colcon_core.shell:Creating prefix script '/home/martin/SCARA-RI20252/install/local_setup.zsh'
[0.946s] INFO:colcon.colcon_core.shell:Creating prefix chain script '/home/martin/SCARA-RI20252/install/setup.zsh'
